20170413 075046: "Версия: 0.3.0"
20170413 075046: "Начать игру"
20170413 075046: "Загрузить игру"
20170413 075046: "Настройки"
20170413 075046: "Справка"
20170413 075047: "Выход"
20170413 075047: "Разработчик"
20170413 075047: "Я для кого писал 'Внимание' и всё там бла-бла-бла? Обычно люди, когда видят крупный шрифт, на котором написано 'Внимание', всё таки обращают внимание на то, что написано ниже, прежде чем соглашаться!"
20170413 075047: "Назад"
20170413 075047: "Сохранить"
20170413 075047: "Б.Сохр"
20170413 075048: "Б.Загр"
20170413 075048: "Авто"
20170413 075048: "Настр"
20170413 075048: "Попробуй в следующий раз всё таки прочитать внимательнее."
20170413 075048: "Привет, дорогой Игрок! Я - разработчик этой игры."
20170413 075048: "Сохранить игру"
20170413 075048: "Пред"
20170413 075049: "Быстро"
20170413 075049: "След"
20170413 075049: "1. Пустой слот."
20170413 075049: "2. Пустой слот."
20170413 075049: "3. Пустой слот."
20170413 075049: "4. Пустой слот."
20170413 075049: "5. Пустой слот."
20170413 075050: "6. Пустой слот."
20170413 075050: "7. Пустой слот."
20170413 075050: "8. Пустой слот."
20170413 075050: "9. Пустой слот."
20170413 075050: "10. Пустой слот."
20170413 075050: "Отображение"
20170413 075051: "Окно"
20170413 075051: "Полный экран"
20170413 075051: "Переходы"
20170413 075051: "Все"
20170413 075051: "Никаких"
20170413 075051: "Скорость текста"
20170413 075052: "Джойстик..."
20170413 075052: "Пропуск"
20170413 075052: "Прочтенных сообщений"
20170413 075052: "Всех сообщений"
20170413 075052: "Начать пропуск"
20170413 075052: "После выборов"
20170413 075052: "Остановить пропуск"
20170413 075053: "Продолжить пропуск"
20170413 075053: "Ускорить время"
20170413 075053: "Ждать голос"
20170413 075053: "Громкость музыки"
20170413 075053: "Громкость звука"
20170413 075053: "Тест"
20170413 075053: "Громкость голоса"
20170413 075054: "Оставлять голос"
20170413 075056: "Имя: Имя"
20170413 075056: "Отчество: Отчество"
20170413 075056: "Выбрать историю"
20170413 075057: "Введите имя, и нажмите Enter для продолжения"
20170413 075058: "Имя"
20170413 075101: "Им"
20170413 075102: "И"
20170413 075105: "Имя: Test"
20170413 075108: "Младенчество"
20170413 075108: "Детство"
20170413 075108: "Школа"
20170413 075108: "Университет"
20170413 075108: "Работа"
20170413 075108: "Сбросить историю"
20170413 075110: "В школе Вы старались выглядеть лучше своих подруг
+Красота -Интеллект"
20170413 075110: "Вашим любимым предметом была физкультура
+Здоровье"
20170413 075110: "Вы любили мастурбировать на занятиях
+Развратность +Дырочки -Интеллект"
20170413 075110: "Вы принимали участие в олимпиадах, и даже занимали там призовые места
 ++Интеллект"
20170413 075110: "Вы экономили на обедах, чтобы купить себе что-нибудь дорогое
 +Деньги"
20170413 075112: "Вы родились красивой девочкой
+Красота -Интеллект"
20170413 075113: "Вы смогли вставать на ножки уже в 3-х месячном возрасте
+Здоровье"
20170413 075114: "Вы обожали сосать сиську, даже когда не были голодны
+Развратность +Грудь +Дырочки -Интеллект"
20170413 075115: "Вы смогли осмысленно говорить уже в пол года
 ++Интеллект"
20170413 075117: "Вы обожали яркие и блестящие предметы.
 +Деньги"
20170413 075118: "Вы любили смотреть, как красится ваша мама
+Красота -Интеллект"
20170413 075119: "Вы были очень активным ребёнком
+Здоровье"
20170413 075119: "Вы показывали свою письку мальчишкам в детском саду
+Развратность +Дырочки -Интеллект"
20170413 075119: "Вы рано научились читать
 ++Интеллект"
20170413 075119: "Вы откладывали деньги, которые Вам давали на сладости.
 +Деньги"
20170413 075121: "Вы тщательно следите за собой, и регулярно посещаете парикмахерские и салоны красоты
+Красота -Интеллект"
20170413 075122: "Вы бегаете утром, и следите за своим здоровьем
+Здоровье"
20170413 075123: "Вы использовали своё тело для продвижения по карьерной лестнице
+Развратность +Дырочки +Грудь -Интеллект"
20170413 075125: "Вы регулярно повышаете свой уровень образования
 ++Интеллект"
20170413 075126: "Вы любите деньги, а они любят вас
 +Деньги"
20170413 075149: "Вы всегда старались быть накрашенной и ухоженной
+Красота -Интеллект"
20170413 075149: "Вы участвовали во всех спартакиадах, и даже занимали там призовые места
+Здоровье"
20170413 075149: "Вы с лёгкостью меняли сексуальных партнёров
+Развратность +Дырочки -Интеллект"
20170413 075149: "Вы любили естественные науки, и всегда получали по ним хорошие оценки
 ++Интеллект"
20170413 075149: "Вы давали деньги в рост одноклассникам. И Вам их даже возвращали с процентами
 +Деньги"
20170413 075201: "Закончить"
20170413 075204: "Я хочу выразить признательность всем людям, которые помогали мне с проектом не только словом, но и делом."
20170413 075205: "irvin-zamora за помощь с кодом. 
anon12321 за вычитку текстов, 
NikAndrei за помощь с переносом и поиск багов. 
ntcntl за багфикс и улучшения. 
Cпасибо вам! Без вас эта версия вышла бы ещё через год!"
20170413 075206: "Всем, кто помогал словом и верил в меня, тоже отдельное спасибо! Именно для вас создавался этот проект!"
20170413 075207: "Вообще то на этом месте должна быть сценка, как Главная Героиня попадает в школу и как всё началось, но я слишком ленив, чтобы её делать."
20170413 075208: "Test Отчество"
20170413 075210: "Началось! 'Акабур стайл' уже и в твоей игре. Наверное, через пару релизов ограничишься одной локацией и начнёшь меня тренировать как шлюшку, да?"
20170413 075211: "Я тут вообще то хотел объяснить базовые вещи в игре. Не могла ли ты мне не мешать, как тебя там сегодня, Test?"
20170413 075213: "Хех, Test! Test Отчество!!! Получше ничего не придумалось, да?"
20170413 075214: "Да пошёл ты! Нормальное имя, господин 'Разработчик'. Аноним недоделанный."
20170413 075215: "Ладно бы хоть ник назвал, так нет, мы, блин, 'Разработчик'! Говна проводчик."
20170413 075217: "Можно я уже начну, а?"
20170413 075217: "Ты только и делаешь, что начинаешь, хоть бы что-нибудь закончил в конце концов! Начинатель хренов! Я сама всё объясню!"
20170413 075218: "Да делай что хочешь."
20170413 075219: "В общем, неделю назад мне позвонили из соседнего городка, с предложением занять место отсутствующего уже 3 месяца директора."
20170413 075220: "Что странно, отсутствует он уже 3 месяца, а стали искать замену только неделю назад.
Искали нового директора, а нашли меня.
Вот уж не думала, что директоров по объявлению набирают!"
20170413 075221: "Короче, теперь я - директор школы этого городка. Городок небольшой, 2 улицы и 3 перекрёстка, зато у моря."
20170413 075222: "Ты к сути будешь переходить или нет?"
20170413 075222: "Да перехожу уже, перехожу.
Понимаешь, дорогой Игрок, это игра, как бы, не про то, какой я директор, а о том, как бы нам, кхм."
20170413 075224: "Развратить."
20170413 075225: "Да, о том, как бы нам развратить эту школу, чтобы им и в голову не пришло больше набирать специалистов на ведущие должности всего лишь по резюме в интернете!"
20170413 075225: "Лихо выкрутилась... Может быть уже и о геймплее расскажешь?"
20170413 075227: "Уйди уже, а? Сказала же, со всем сама справлюсь!"
20170413 075227: "Итак, начнём. Во-первых, мне надо ходить на работу. За каждый день, в который я заполняла бумаги, мне будет еженедельно начисляться зарплата."
20170413 075228: "Чтобы взаимодействовать со школой, в моём офисе есть компьютер, там можно выставлять различные правила и закупать различные предметы обстановки."
20170413 075229: "За какие-то вещи платится из бюджета одноразово. За какие-то вещи нужно заплатить из собственного кармана. Клубы, например, оплачиваются ежедневно. В случае если в бюджете будет недостаточно средств, они попросту закроются."
20170413 075230: "Можно взаимодействовать с людьми напрямую через общение. Можно просто поговорить, это улучшает лояльность. Можно пофлиртовать, там будет проверка на волю собеседника и вашу развратность. Но чтобы развратить школу не надо задрачивать каждого ученика до посинения. Тут главное учителя!"
20170413 075231: "Кстати, у многих возникает вопрос. Какая разница между репутацией и лояльностью? Отвечаю. Репутация - это отношение к вам родителей ученика. А лояльность - отношение ученика лично. И да, у учителей репутация не учитывается."
20170413 075232: "И ещё про параметры. Многие параметры изменяются не напрямую, а через модификаторы. Например лояльность и развратность имеют модификатор воли. Чем больше воля персонажа, тем слабее они изменятся. Так что не удивляйтесь, если лояльность после подарка выросла не так сильно, как вам бы хотелось."
20170413 075233: "Да, вы можете дарить подарки. Но не слишком часто. Редко, что уж там. Рано или поздно ваш подарок сломается, и вы сможете подарить новый на замену."
20170413 075233: "Разработчик..."
20170413 075234: "Что?"
20170413 075235: "Не перебивай меня!
Так вот, разработчик сделал меня небольшой тамагочей. Меня надо хоть раз в день кормить, вовремя укладывать спать и следить за одеждой. И да, не выкидывай одежду! Я могу оказаться запертой голой в доме и умереть от голода!"
20170413 075237: "Интерфейс скрывается кнопкой H, проматывать диалоги кнопкой Ctrl, включить автоматическое проматывание - Tab, ну а сохранится можно в меню по Esc."
20170413 075238: "Фух. Вроде всё."
20170413 075238: "Точно всё?"
20170413 075239: "Ну, мне добавить больше нечего пока."
20170413 075240: "Ну, тогда поехали! Приятного фап... Кхм, кхе, приятной игры!"
20170413 075241: "Вы искупались, хотя и не были особо грязными. Как же вам нравится стоять под нежными струями воды или принимать ванну... Ох, это особое чувство чистоты!"
20170413 075241: "Вы смыли с себя запах немытого тела. Как же вам нравится стоять под нежными струями воды или принимать ванну... Ох, это особое чувство чистоты!"
20170413 075242: "Теперь [temp] больше не в сперме."
20170413 075323: "Ваше лицо перемазано в сперме. Густые её капли покрывают щеки, носик, губки, пару капель застряли в полосах"
System.Net.WebException: The remote server returned an error: (503) Service Unavailable.
  at System.Net.WebClient.UploadDataInternal (System.Uri address, System.String method, System.Byte[] data, System.Net.WebRequest& request) [0x000a6] in <75a54a22c1fb4e2182f475d105d2f495>:0 
  at System.Net.WebClient.UploadString (System.Uri address, System.String method, System.String data) [0x00054] in <75a54a22c1fb4e2182f475d105d2f495>:0 
  at System.Net.WebClient.UploadString (System.String address, System.String data) [0x00019] in <75a54a22c1fb4e2182f475d105d2f495>:0 
  at (wrapper remoting-invoke-with-check) System.Net.WebClient:UploadString (string,string)
  at RenpyTranslate.MainClass.TranslateString (System.String ru) [0x00046] in <8ae650a757f54e7e9f4947b7281cd8ed>:0 
  at RenpyTranslate.MainClass.Main (System.String[] args) [0x000bf] in <8ae650a757f54e7e9f4947b7281cd8ed>:0 
20170413 075324: "1 Мая 2010, Понедельник."
System.Net.WebException: The remote server returned an error: (503) Service Unavailable.
  at System.Net.WebClient.UploadDataInternal (System.Uri address, System.String method, System.Byte[] data, System.Net.WebRequest& request) [0x000a6] in <75a54a22c1fb4e2182f475d105d2f495>:0 
  at System.Net.WebClient.UploadString (System.Uri address, System.String method, System.String data) [0x00054] in <75a54a22c1fb4e2182f475d105d2f495>:0 
  at System.Net.WebClient.UploadString (System.String address, System.String data) [0x00019] in <75a54a22c1fb4e2182f475d105d2f495>:0 
  at (wrapper remoting-invoke-with-check) System.Net.WebClient:UploadString (string,string)
  at RenpyTranslate.MainClass.TranslateString (System.String ru) [0x00046] in <8ae650a757f54e7e9f4947b7281cd8ed>:0 
  at RenpyTranslate.MainClass.Main (System.String[] args) [0x000bf] in <8ae650a757f54e7e9f4947b7281cd8ed>:0 
20170413 075326: "Сейчас нет уроков"
System.Net.WebException: The remote server returned an error: (503) Service Unavailable.
  at System.Net.WebClient.UploadDataInternal (System.Uri address, System.String method, System.Byte[] data, System.Net.WebRequest& request) [0x000a6] in <75a54a22c1fb4e2182f475d105d2f495>:0 
  at System.Net.WebClient.UploadString (System.Uri address, System.String method, System.String data) [0x00054] in <75a54a22c1fb4e2182f475d105d2f495>:0 
  at System.Net.WebClient.UploadString (System.String address, System.String data) [0x00019] in <75a54a22c1fb4e2182f475d105d2f495>:0 
  at (wrapper remoting-invoke-with-check) System.Net.WebClient:UploadString (string,string)
  at RenpyTranslate.MainClass.TranslateString (System.String ru) [0x00046] in <8ae650a757f54e7e9f4947b7281cd8ed>:0 
  at RenpyTranslate.MainClass.Main (System.String[] args) [0x000bf] in <8ae650a757f54e7e9f4947b7281cd8ed>:0 
20170413 075327: "Ваша энергия: 1293"
System.Net.WebException: The remote server returned an error: (503) Service Unavailable.
  at System.Net.WebClient.UploadDataInternal (System.Uri address, System.String method, System.Byte[] data, System.Net.WebRequest& request) [0x000a6] in <75a54a22c1fb4e2182f475d105d2f495>:0 
  at System.Net.WebClient.UploadString (System.Uri address, System.String method, System.String data) [0x00054] in <75a54a22c1fb4e2182f475d105d2f495>:0 
  at System.Net.WebClient.UploadString (System.String address, System.String data) [0x00019] in <75a54a22c1fb4e2182f475d105d2f495>:0 
  at (wrapper remoting-invoke-with-check) System.Net.WebClient:UploadString (string,string)
  at RenpyTranslate.MainClass.TranslateString (System.String ru) [0x00046] in <8ae650a757f54e7e9f4947b7281cd8ed>:0 
  at RenpyTranslate.MainClass.Main (System.String[] args) [0x000bf] in <8ae650a757f54e7e9f4947b7281cd8ed>:0 
20170413 075328: "Учёба"
System.Net.WebException: The remote server returned an error: (503) Service Unavailable.
  at System.Net.WebClient.UploadDataInternal (System.Uri address, System.String method, System.Byte[] data, System.Net.WebRequest& request) [0x000a6] in <75a54a22c1fb4e2182f475d105d2f495>:0 
  at System.Net.WebClient.UploadString (System.Uri address, System.String method, System.String data) [0x00054] in <75a54a22c1fb4e2182f475d105d2f495>:0 
  at System.Net.WebClient.UploadString (System.String address, System.String data) [0x00019] in <75a54a22c1fb4e2182f475d105d2f495>:0 
  at (wrapper remoting-invoke-with-check) System.Net.WebClient:UploadString (string,string)
  at RenpyTranslate.MainClass.TranslateString (System.String ru) [0x00046] in <8ae650a757f54e7e9f4947b7281cd8ed>:0 
  at RenpyTranslate.MainClass.Main (System.String[] args) [0x000bf] in <8ae650a757f54e7e9f4947b7281cd8ed>:0 
20170413 075329: "Лояльность"
System.Net.WebException: The remote server returned an error: (503) Service Unavailable.
  at System.Net.WebClient.UploadDataInternal (System.Uri address, System.String method, System.Byte[] data, System.Net.WebRequest& request) [0x000a6] in <75a54a22c1fb4e2182f475d105d2f495>:0 
  at System.Net.WebClient.UploadString (System.Uri address, System.String method, System.String data) [0x00054] in <75a54a22c1fb4e2182f475d105d2f495>:0 
  at System.Net.WebClient.UploadString (System.String address, System.String data) [0x00019] in <75a54a22c1fb4e2182f475d105d2f495>:0 
  at (wrapper remoting-invoke-with-check) System.Net.WebClient:UploadString (string,string)
  at RenpyTranslate.MainClass.TranslateString (System.String ru) [0x00046] in <8ae650a757f54e7e9f4947b7281cd8ed>:0 
  at RenpyTranslate.MainClass.Main (System.String[] args) [0x000bf] in <8ae650a757f54e7e9f4947b7281cd8ed>:0 
20170413 075331: "Репутация"
System.Net.WebException: The remote server returned an error: (503) Service Unavailable.
  at System.Net.WebClient.UploadDataInternal (System.Uri address, System.String method, System.Byte[] data, System.Net.WebRequest& request) [0x000a6] in <75a54a22c1fb4e2182f475d105d2f495>:0 
  at System.Net.WebClient.UploadString (System.Uri address, System.String method, System.String data) [0x00054] in <75a54a22c1fb4e2182f475d105d2f495>:0 
  at System.Net.WebClient.UploadString (System.String address, System.String data) [0x00019] in <75a54a22c1fb4e2182f475d105d2f495>:0 
  at (wrapper remoting-invoke-with-check) System.Net.WebClient:UploadString (string,string)
  at RenpyTranslate.MainClass.TranslateString (System.String ru) [0x00046] in <8ae650a757f54e7e9f4947b7281cd8ed>:0 
  at RenpyTranslate.MainClass.Main (System.String[] args) [0x000bf] in <8ae650a757f54e7e9f4947b7281cd8ed>:0 
20170413 075332: "Разврат"
System.Net.WebException: The remote server returned an error: (503) Service Unavailable.
  at System.Net.WebClient.UploadDataInternal (System.Uri address, System.String method, System.Byte[] data, System.Net.WebRequest& request) [0x000a6] in <75a54a22c1fb4e2182f475d105d2f495>:0 
  at System.Net.WebClient.UploadString (System.Uri address, System.String method, System.String data) [0x00054] in <75a54a22c1fb4e2182f475d105d2f495>:0 
  at System.Net.WebClient.UploadString (System.String address, System.String data) [0x00019] in <75a54a22c1fb4e2182f475d105d2f495>:0 
  at (wrapper remoting-invoke-with-check) System.Net.WebClient:UploadString (string,string)
  at RenpyTranslate.MainClass.TranslateString (System.String ru) [0x00046] in <8ae650a757f54e7e9f4947b7281cd8ed>:0 
  at RenpyTranslate.MainClass.Main (System.String[] args) [0x000bf] in <8ae650a757f54e7e9f4947b7281cd8ed>:0 
20170413 075336: "{u}Промотать:{/u}"
System.Net.WebException: The remote server returned an error: (503) Service Unavailable.
  at System.Net.WebClient.UploadDataInternal (System.Uri address, System.String method, System.Byte[] data, System.Net.WebRequest& request) [0x000a6] in <75a54a22c1fb4e2182f475d105d2f495>:0 
  at System.Net.WebClient.UploadString (System.Uri address, System.String method, System.String data) [0x00054] in <75a54a22c1fb4e2182f475d105d2f495>:0 
  at System.Net.WebClient.UploadString (System.String address, System.String data) [0x00019] in <75a54a22c1fb4e2182f475d105d2f495>:0 
  at (wrapper remoting-invoke-with-check) System.Net.WebClient:UploadString (string,string)
  at RenpyTranslate.MainClass.TranslateString (System.String ru) [0x00046] in <8ae650a757f54e7e9f4947b7281cd8ed>:0 
  at RenpyTranslate.MainClass.Main (System.String[] args) [0x000bf] in <8ae650a757f54e7e9f4947b7281cd8ed>:0 
20170413 075337: "{u}Посмотреть:{/u}"
System.Net.WebException: The remote server returned an error: (503) Service Unavailable.
  at System.Net.WebClient.UploadDataInternal (System.Uri address, System.String method, System.Byte[] data, System.Net.WebRequest& request) [0x000a6] in <75a54a22c1fb4e2182f475d105d2f495>:0 
  at System.Net.WebClient.UploadString (System.Uri address, System.String method, System.String data) [0x00054] in <75a54a22c1fb4e2182f475d105d2f495>:0 
  at System.Net.WebClient.UploadString (System.String address, System.String data) [0x00019] in <75a54a22c1fb4e2182f475d105d2f495>:0 
  at (wrapper remoting-invoke-with-check) System.Net.WebClient:UploadString (string,string)
  at RenpyTranslate.MainClass.TranslateString (System.String ru) [0x00046] in <8ae650a757f54e7e9f4947b7281cd8ed>:0 
  at RenpyTranslate.MainClass.Main (System.String[] args) [0x000bf] in <8ae650a757f54e7e9f4947b7281cd8ed>:0 
20170413 075338: "{u}Действия:{/u}"
System.Net.WebException: The remote server returned an error: (503) Service Unavailable.
  at System.Net.WebClient.UploadDataInternal (System.Uri address, System.String method, System.Byte[] data, System.Net.WebRequest& request) [0x000a6] in <75a54a22c1fb4e2182f475d105d2f495>:0 
  at System.Net.WebClient.UploadString (System.Uri address, System.String method, System.String data) [0x00054] in <75a54a22c1fb4e2182f475d105d2f495>:0 
  at System.Net.WebClient.UploadString (System.String address, System.String data) [0x00019] in <75a54a22c1fb4e2182f475d105d2f495>:0 
  at (wrapper remoting-invoke-with-check) System.Net.WebClient:UploadString (string,string)
  at RenpyTranslate.MainClass.TranslateString (System.String ru) [0x00046] in <8ae650a757f54e7e9f4947b7281cd8ed>:0 
  at RenpyTranslate.MainClass.Main (System.String[] args) [0x000bf] in <8ae650a757f54e7e9f4947b7281cd8ed>:0 
20170413 075340: "Кухня"
System.Net.WebException: The remote server returned an error: (503) Service Unavailable.
  at System.Net.WebClient.UploadDataInternal (System.Uri address, System.String method, System.Byte[] data, System.Net.WebRequest& request) [0x000a6] in <75a54a22c1fb4e2182f475d105d2f495>:0 
  at System.Net.WebClient.UploadString (System.Uri address, System.String method, System.String data) [0x00054] in <75a54a22c1fb4e2182f475d105d2f495>:0 
  at System.Net.WebClient.UploadString (System.String address, System.String data) [0x00019] in <75a54a22c1fb4e2182f475d105d2f495>:0 
  at (wrapper remoting-invoke-with-check) System.Net.WebClient:UploadString (string,string)
  at RenpyTranslate.MainClass.TranslateString (System.String ru) [0x00046] in <8ae650a757f54e7e9f4947b7281cd8ed>:0 
  at RenpyTranslate.MainClass.Main (System.String[] args) [0x000bf] in <8ae650a757f54e7e9f4947b7281cd8ed>:0 
20170413 075341: "Спальня"
System.Net.WebException: The remote server returned an error: (503) Service Unavailable.
  at System.Net.WebClient.UploadDataInternal (System.Uri address, System.String method, System.Byte[] data, System.Net.WebRequest& request) [0x000a6] in <75a54a22c1fb4e2182f475d105d2f495>:0 
  at System.Net.WebClient.UploadString (System.Uri address, System.String method, System.String data) [0x00054] in <75a54a22c1fb4e2182f475d105d2f495>:0 
  at System.Net.WebClient.UploadString (System.String address, System.String data) [0x00019] in <75a54a22c1fb4e2182f475d105d2f495>:0 
  at (wrapper remoting-invoke-with-check) System.Net.WebClient:UploadString (string,string)
  at RenpyTranslate.MainClass.TranslateString (System.String ru) [0x00046] in <8ae650a757f54e7e9f4947b7281cd8ed>:0 
  at RenpyTranslate.MainClass.Main (System.String[] args) [0x000bf] in <8ae650a757f54e7e9f4947b7281cd8ed>:0 
20170413 075342: "Ванная"
System.Net.WebException: The remote server returned an error: (503) Service Unavailable.
  at System.Net.WebClient.UploadDataInternal (System.Uri address, System.String method, System.Byte[] data, System.Net.WebRequest& request) [0x000a6] in <75a54a22c1fb4e2182f475d105d2f495>:0 
  at System.Net.WebClient.UploadString (System.Uri address, System.String method, System.String data) [0x00054] in <75a54a22c1fb4e2182f475d105d2f495>:0 
  at System.Net.WebClient.UploadString (System.String address, System.String data) [0x00019] in <75a54a22c1fb4e2182f475d105d2f495>:0 
  at (wrapper remoting-invoke-with-check) System.Net.WebClient:UploadString (string,string)
  at RenpyTranslate.MainClass.TranslateString (System.String ru) [0x00046] in <8ae650a757f54e7e9f4947b7281cd8ed>:0 
  at RenpyTranslate.MainClass.Main (System.String[] args) [0x000bf] in <8ae650a757f54e7e9f4947b7281cd8ed>:0 
20170413 075343: "Улица"
System.Net.WebException: The remote server returned an error: (503) Service Unavailable.
  at System.Net.WebClient.UploadDataInternal (System.Uri address, System.String method, System.Byte[] data, System.Net.WebRequest& request) [0x000a6] in <75a54a22c1fb4e2182f475d105d2f495>:0 
  at System.Net.WebClient.UploadString (System.Uri address, System.String method, System.String data) [0x00054] in <75a54a22c1fb4e2182f475d105d2f495>:0 
  at System.Net.WebClient.UploadString (System.String address, System.String data) [0x00019] in <75a54a22c1fb4e2182f475d105d2f495>:0 
  at (wrapper remoting-invoke-with-check) System.Net.WebClient:UploadString (string,string)
  at RenpyTranslate.MainClass.TranslateString (System.String ru) [0x00046] in <8ae650a757f54e7e9f4947b7281cd8ed>:0 
  at RenpyTranslate.MainClass.Main (System.String[] args) [0x000bf] in <8ae650a757f54e7e9f4947b7281cd8ed>:0 
20170413 075345: "Гостиная в вашей квартире. Маленькая, зато аккуратная. На стеклянном столе лежит пачка салфеток для ежедневного ухода за кожей."
System.Net.WebException: The remote server returned an error: (503) Service Unavailable.
  at System.Net.WebClient.UploadDataInternal (System.Uri address, System.String method, System.Byte[] data, System.Net.WebRequest& request) [0x000a6] in <75a54a22c1fb4e2182f475d105d2f495>:0 
  at System.Net.WebClient.UploadString (System.Uri address, System.String method, System.String data) [0x00054] in <75a54a22c1fb4e2182f475d105d2f495>:0 
  at System.Net.WebClient.UploadString (System.String address, System.String data) [0x00019] in <75a54a22c1fb4e2182f475d105d2f495>:0 
  at (wrapper remoting-invoke-with-check) System.Net.WebClient:UploadString (string,string)
  at RenpyTranslate.MainClass.TranslateString (System.String ru) [0x00046] in <8ae650a757f54e7e9f4947b7281cd8ed>:0 
  at RenpyTranslate.MainClass.Main (System.String[] args) [0x000bf] in <8ae650a757f54e7e9f4947b7281cd8ed>:0 
20170413 075346: "Напротив диванчика стоит телевизор. Вы не помните, чтобы по нему хоть раз показывали что-то хорошее. Возможно потому, что потеряли пульт сразу после переезда."
System.Net.WebException: The remote server returned an error: (503) Service Unavailable.
  at System.Net.WebClient.UploadDataInternal (System.Uri address, System.String method, System.Byte[] data, System.Net.WebRequest& request) [0x000a6] in <75a54a22c1fb4e2182f475d105d2f495>:0 
  at System.Net.WebClient.UploadString (System.Uri address, System.String method, System.String data) [0x00054] in <75a54a22c1fb4e2182f475d105d2f495>:0 
  at System.Net.WebClient.UploadString (System.String address, System.String data) [0x00019] in <75a54a22c1fb4e2182f475d105d2f495>:0 
  at (wrapper remoting-invoke-with-check) System.Net.WebClient:UploadString (string,string)
  at RenpyTranslate.MainClass.TranslateString (System.String ru) [0x00046] in <8ae650a757f54e7e9f4947b7281cd8ed>:0 
  at RenpyTranslate.MainClass.Main (System.String[] args) [0x000bf] in <8ae650a757f54e7e9f4947b7281cd8ed>:0 
20170413 075347: "Вы уверены, что хотите выйти?"
20170413 075347: "Да"
System.Net.WebException: The remote server returned an error: (503) Service Unavailable.
  at System.Net.WebClient.UploadDataInternal (System.Uri address, System.String method, System.Byte[] data, System.Net.WebRequest& request) [0x000a6] in <75a54a22c1fb4e2182f475d105d2f495>:0 
  at System.Net.WebClient.UploadString (System.Uri address, System.String method, System.String data) [0x00054] in <75a54a22c1fb4e2182f475d105d2f495>:0 
  at System.Net.WebClient.UploadString (System.String address, System.String data) [0x00019] in <75a54a22c1fb4e2182f475d105d2f495>:0 
  at (wrapper remoting-invoke-with-check) System.Net.WebClient:UploadString (string,string)
  at RenpyTranslate.MainClass.TranslateString (System.String ru) [0x00046] in <8ae650a757f54e7e9f4947b7281cd8ed>:0 
  at RenpyTranslate.MainClass.Main (System.String[] args) [0x000bf] in <8ae650a757f54e7e9f4947b7281cd8ed>:0 
20170413 075349: "Нет"
System.Net.WebException: The remote server returned an error: (503) Service Unavailable.
  at System.Net.WebClient.UploadDataInternal (System.Uri address, System.String method, System.Byte[] data, System.Net.WebRequest& request) [0x000a6] in <75a54a22c1fb4e2182f475d105d2f495>:0 
  at System.Net.WebClient.UploadString (System.Uri address, System.String method, System.String data) [0x00054] in <75a54a22c1fb4e2182f475d105d2f495>:0 
  at System.Net.WebClient.UploadString (System.String address, System.String data) [0x00019] in <75a54a22c1fb4e2182f475d105d2f495>:0 
  at (wrapper remoting-invoke-with-check) System.Net.WebClient:UploadString (string,string)
  at RenpyTranslate.MainClass.TranslateString (System.String ru) [0x00046] in <8ae650a757f54e7e9f4947b7281cd8ed>:0 
  at RenpyTranslate.MainClass.Main (System.String[] args) [0x000bf] in <8ae650a757f54e7e9f4947b7281cd8ed>:0 
